<testsuites id="" name="" tests="12" failures="3" skipped="0" errors="0" time="113.374322">
<testsuite name="monitoring-dashboard-prometheus.desktop.spec.ts" timestamp="2025-10-01T04:41:17.245Z" hostname="chromium-desktop" tests="12" failures="3" skipped="0" time="106.824" errors="0">
<testcase name="Monitoring Dashboard - Prometheus Integration › should display monitoring dashboard button and open modal" classname="monitoring-dashboard-prometheus.desktop.spec.ts" time="5.097">
<system-out>
<![CDATA[🧪 Test 1: Verify dashboard button exists and opens modal
📸 Screenshot saved: 01-initial-app.png
✓ Dashboard button found
📸 Screenshot saved: 02-dashboard-modal-opened.png
✓ Monitoring dashboard modal opened

[[ATTACHMENT|../screenshots/monitoring-dashboard-prome-1f25f-board-button-and-open-modal-chromium-desktop/test-finished-1.png]]
]]>
</system-out>
</testcase>
<testcase name="Monitoring Dashboard - Prometheus Integration › should display Prometheus live status indicator" classname="monitoring-dashboard-prometheus.desktop.spec.ts" time="4.87">
<system-out>
<![CDATA[🧪 Test 2: Verify Prometheus live status indicator
✓ Prometheus status: ⚠️ Prometheus connection error: Failed to fetch
📸 Screenshot saved: 03-prometheus-status-indicator.png
✓ Status indicator has proper styling: rgba(0, 0, 0, 0)

[[ATTACHMENT|../screenshots/monitoring-dashboard-prome-ef6d7-theus-live-status-indicator-chromium-desktop/test-finished-1.png]]
]]>
</system-out>
</testcase>
<testcase name="Monitoring Dashboard - Prometheus Integration › should display all 6 enhanced metric cards" classname="monitoring-dashboard-prometheus.desktop.spec.ts" time="5.241">
<system-out>
<![CDATA[🧪 Test 3: Verify all 6 metric cards are displayed
✓ Found card: TOTAL RUNS
✓ Found card: SUCCESS RATE
✓ Found card: SONGS (24H)
✓ Found card: ACTIVE NOW
✓ Found card: AVG TIME
✓ Found card: QUALITY
📸 Screenshot saved: 04-metric-cards.png
✓ All 6 metric cards are displayed

[[ATTACHMENT|../screenshots/monitoring-dashboard-prome-d8cc2-all-6-enhanced-metric-cards-chromium-desktop/test-finished-1.png]]
]]>
</system-out>
</testcase>
<testcase name="Monitoring Dashboard - Prometheus Integration › should display metric values in cards" classname="monitoring-dashboard-prometheus.desktop.spec.ts" time="5.062">
<system-out>
<![CDATA[🧪 Test 4: Verify metric cards show actual values
✓ Total Runs value: 0
✓ Success Rate value: N/A%
✓ Songs (24h) value: 0
✓ Active Now value: 0
✓ All metric cards display values

[[ATTACHMENT|../screenshots/monitoring-dashboard-prome-88d67-play-metric-values-in-cards-chromium-desktop/test-finished-1.png]]
]]>
</system-out>
</testcase>
<testcase name="Monitoring Dashboard - Prometheus Integration › should display Scraper Services Health section" classname="monitoring-dashboard-prometheus.desktop.spec.ts" time="5.042">
<system-out>
<![CDATA[🧪 Test 5: Verify Scraper Services Health section
✓ Scraper Services Health section found
✓ Health status container is displayed

[[ATTACHMENT|../screenshots/monitoring-dashboard-prome-5a638-per-Services-Health-section-chromium-desktop/test-finished-1.png]]
]]>
</system-out>
</testcase>
<testcase name="Monitoring Dashboard - Prometheus Integration › should display Data Pipeline Progress section" classname="monitoring-dashboard-prometheus.desktop.spec.ts" time="5.151">
<system-out>
<![CDATA[🧪 Test 6: Verify Data Pipeline Progress section
✓ Data Pipeline Progress section found
✓ Source Extractions subsection found
✓ Success/Failed metrics displayed
✓ Graph Validations subsection found
📸 Screenshot saved: 05-pipeline-progress.png

[[ATTACHMENT|../screenshots/monitoring-dashboard-prome-74f89-a-Pipeline-Progress-section-chromium-desktop/test-finished-1.png]]
]]>
</system-out>
</testcase>
<testcase name="Monitoring Dashboard - Prometheus Integration › should display Recent Scraping Runs section" classname="monitoring-dashboard-prometheus.desktop.spec.ts" time="10.952">
<failure message="monitoring-dashboard-prometheus.desktop.spec.ts:211:3 should display Recent Scraping Runs section" type="FAILURE">
<![CDATA[  [chromium-desktop] › monitoring-dashboard-prometheus.desktop.spec.ts:211:3 › Monitoring Dashboard - Prometheus Integration › should display Recent Scraping Runs section 

    Error: expect.toBeVisible: Error: strict mode violation: locator('text=Recent Scraping Runs') resolved to 2 elements:
        1) <h3>Recent Scraping Runs</h3> aka getByRole('heading', { name: 'Recent Scraping Runs' })
        2) <p>📭 No recent scraping runs found</p> aka getByText('📭 No recent scraping runs')

    Call log:
      - Expect "toBeVisible" with timeout 5000ms
      - waiting for locator('text=Recent Scraping Runs')


      218 |     // Check for Recent Scraping Runs section
      219 |     const runsSection = page.locator('text=Recent Scraping Runs');
    > 220 |     await expect(runsSection).toBeVisible({ timeout: 5000 });
          |                               ^
      221 |     console.log('✓ Recent Scraping Runs section found');
      222 |
      223 |     // Check for either runs data or "No recent scraping runs" message
        at /mnt/my_external_drive/programming/songnodes/frontend/tests/e2e/monitoring-dashboard-prometheus.desktop.spec.ts:220:31

    attachment #1: screenshot (image/png) ──────────────────────────────────────────────────────────
    ../screenshots/monitoring-dashboard-prome-f0b34-ecent-Scraping-Runs-section-chromium-desktop/test-failed-1.png
    ────────────────────────────────────────────────────────────────────────────────────────────────

    attachment #2: video (video/webm) ──────────────────────────────────────────────────────────────
    ../screenshots/monitoring-dashboard-prome-f0b34-ecent-Scraping-Runs-section-chromium-desktop/video.webm
    ────────────────────────────────────────────────────────────────────────────────────────────────

    Error Context: ../screenshots/monitoring-dashboard-prome-f0b34-ecent-Scraping-Runs-section-chromium-desktop/error-context.md

    attachment #4: trace (application/zip) ─────────────────────────────────────────────────────────
    ../screenshots/monitoring-dashboard-prome-f0b34-ecent-Scraping-Runs-section-chromium-desktop/trace.zip
    Usage:

        npx playwright show-trace ../screenshots/monitoring-dashboard-prome-f0b34-ecent-Scraping-Runs-section-chromium-desktop/trace.zip

    ────────────────────────────────────────────────────────────────────────────────────────────────

    Retry #1 ───────────────────────────────────────────────────────────────────────────────────────

    Error: expect.toBeVisible: Error: strict mode violation: locator('text=Recent Scraping Runs') resolved to 2 elements:
        1) <h3>Recent Scraping Runs</h3> aka getByRole('heading', { name: 'Recent Scraping Runs' })
        2) <p>📭 No recent scraping runs found</p> aka getByText('📭 No recent scraping runs')

    Call log:
      - Expect "toBeVisible" with timeout 5000ms
      - waiting for locator('text=Recent Scraping Runs')


      218 |     // Check for Recent Scraping Runs section
      219 |     const runsSection = page.locator('text=Recent Scraping Runs');
    > 220 |     await expect(runsSection).toBeVisible({ timeout: 5000 });
          |                               ^
      221 |     console.log('✓ Recent Scraping Runs section found');
      222 |
      223 |     // Check for either runs data or "No recent scraping runs" message
        at /mnt/my_external_drive/programming/songnodes/frontend/tests/e2e/monitoring-dashboard-prometheus.desktop.spec.ts:220:31

    attachment #1: screenshot (image/png) ──────────────────────────────────────────────────────────
    ../screenshots/monitoring-dashboard-prome-f0b34-ecent-Scraping-Runs-section-chromium-desktop-retry1/test-failed-1.png
    ────────────────────────────────────────────────────────────────────────────────────────────────

    attachment #2: video (video/webm) ──────────────────────────────────────────────────────────────
    ../screenshots/monitoring-dashboard-prome-f0b34-ecent-Scraping-Runs-section-chromium-desktop-retry1/video.webm
    ────────────────────────────────────────────────────────────────────────────────────────────────

    Error Context: ../screenshots/monitoring-dashboard-prome-f0b34-ecent-Scraping-Runs-section-chromium-desktop-retry1/error-context.md

    attachment #4: trace (application/zip) ─────────────────────────────────────────────────────────
    ../screenshots/monitoring-dashboard-prome-f0b34-ecent-Scraping-Runs-section-chromium-desktop-retry1/trace.zip
    Usage:

        npx playwright show-trace ../screenshots/monitoring-dashboard-prome-f0b34-ecent-Scraping-Runs-section-chromium-desktop-retry1/trace.zip

    ────────────────────────────────────────────────────────────────────────────────────────────────
]]>
</failure>
<system-out>
<![CDATA[🧪 Test 7: Verify Recent Scraping Runs section

[[ATTACHMENT|../screenshots/monitoring-dashboard-prome-f0b34-ecent-Scraping-Runs-section-chromium-desktop/test-failed-1.png]]

[[ATTACHMENT|../screenshots/monitoring-dashboard-prome-f0b34-ecent-Scraping-Runs-section-chromium-desktop/video.webm]]

[[ATTACHMENT|../screenshots/monitoring-dashboard-prome-f0b34-ecent-Scraping-Runs-section-chromium-desktop/error-context.md]]

[[ATTACHMENT|../screenshots/monitoring-dashboard-prome-f0b34-ecent-Scraping-Runs-section-chromium-desktop/trace.zip]]
🧪 Test 7: Verify Recent Scraping Runs section

[[ATTACHMENT|../screenshots/monitoring-dashboard-prome-f0b34-ecent-Scraping-Runs-section-chromium-desktop-retry1/test-failed-1.png]]

[[ATTACHMENT|../screenshots/monitoring-dashboard-prome-f0b34-ecent-Scraping-Runs-section-chromium-desktop-retry1/video.webm]]

[[ATTACHMENT|../screenshots/monitoring-dashboard-prome-f0b34-ecent-Scraping-Runs-section-chromium-desktop-retry1/error-context.md]]

[[ATTACHMENT|../screenshots/monitoring-dashboard-prome-f0b34-ecent-Scraping-Runs-section-chromium-desktop-retry1/trace.zip]]
]]>
</system-out>
</testcase>
<testcase name="Monitoring Dashboard - Prometheus Integration › should display Manual Triggers section" classname="monitoring-dashboard-prometheus.desktop.spec.ts" time="5.696">
<system-out>
<![CDATA[🧪 Test 8: Verify Manual Triggers section
✓ Manual Triggers section found
✓ Target Track Search button found
✓ Run All Scrapers button found

[[ATTACHMENT|../screenshots/monitoring-dashboard-prome-5db82-lay-Manual-Triggers-section-chromium-desktop/test-finished-1.png]]
]]>
</system-out>
</testcase>
<testcase name="Monitoring Dashboard - Prometheus Integration › should close dashboard modal when X is clicked" classname="monitoring-dashboard-prometheus.desktop.spec.ts" time="5.729">
<system-out>
<![CDATA[🧪 Test 9: Verify modal can be closed
✓ Modal is open
✓ Modal closed successfully

[[ATTACHMENT|../screenshots/monitoring-dashboard-prome-0698b-ard-modal-when-X-is-clicked-chromium-desktop/test-finished-1.png]]
]]>
</system-out>
</testcase>
<testcase name="Monitoring Dashboard - Prometheus Integration › should handle Prometheus connection errors gracefully" classname="monitoring-dashboard-prometheus.desktop.spec.ts" time="17.038">
<failure message="monitoring-dashboard-prometheus.desktop.spec.ts:277:3 should handle Prometheus connection errors gracefully" type="FAILURE">
<![CDATA[  [chromium-desktop] › monitoring-dashboard-prometheus.desktop.spec.ts:277:3 › Monitoring Dashboard - Prometheus Integration › should handle Prometheus connection errors gracefully 

    Error: expect.toBeVisible: Error: strict mode violation: locator('text=/Live data from Prometheus|Prometheus connection error|N/A/') resolved to 2 elements:
        1) <span>⚠️ Prometheus connection error: Failed to fetch</span> aka getByText('⚠️ Prometheus connection')
        2) <p>N/A%</p> aka getByText('N/A%')

    Call log:
      - Expect "toBeVisible" with timeout 5000ms
      - waiting for locator('text=/Live data from Prometheus|Prometheus connection error|N/A/')


      296 |     // The dashboard should still display with fallback data
      297 |     const statusIndicator = page.locator('text=/Live data from Prometheus|Prometheus connection error|N\/A/');
    > 298 |     await expect(statusIndicator).toBeVisible({ timeout: 5000 });
          |                                   ^
      299 |
      300 |     console.log(`✓ Dashboard handles connection state gracefully`);
      301 |
        at /mnt/my_external_drive/programming/songnodes/frontend/tests/e2e/monitoring-dashboard-prometheus.desktop.spec.ts:298:35

    attachment #1: screenshot (image/png) ──────────────────────────────────────────────────────────
    ../screenshots/monitoring-dashboard-prome-1f880-onnection-errors-gracefully-chromium-desktop/test-failed-1.png
    ────────────────────────────────────────────────────────────────────────────────────────────────

    attachment #2: video (video/webm) ──────────────────────────────────────────────────────────────
    ../screenshots/monitoring-dashboard-prome-1f880-onnection-errors-gracefully-chromium-desktop/video.webm
    ────────────────────────────────────────────────────────────────────────────────────────────────

    Error Context: ../screenshots/monitoring-dashboard-prome-1f880-onnection-errors-gracefully-chromium-desktop/error-context.md

    attachment #4: trace (application/zip) ─────────────────────────────────────────────────────────
    ../screenshots/monitoring-dashboard-prome-1f880-onnection-errors-gracefully-chromium-desktop/trace.zip
    Usage:

        npx playwright show-trace ../screenshots/monitoring-dashboard-prome-1f880-onnection-errors-gracefully-chromium-desktop/trace.zip

    ────────────────────────────────────────────────────────────────────────────────────────────────

    Retry #1 ───────────────────────────────────────────────────────────────────────────────────────

    Error: expect.toBeVisible: Error: strict mode violation: locator('text=/Live data from Prometheus|Prometheus connection error|N/A/') resolved to 2 elements:
        1) <span>⚠️ Prometheus connection error: Failed to fetch</span> aka getByText('⚠️ Prometheus connection')
        2) <p>N/A%</p> aka getByText('N/A%')

    Call log:
      - Expect "toBeVisible" with timeout 5000ms
      - waiting for locator('text=/Live data from Prometheus|Prometheus connection error|N/A/')


      296 |     // The dashboard should still display with fallback data
      297 |     const statusIndicator = page.locator('text=/Live data from Prometheus|Prometheus connection error|N\/A/');
    > 298 |     await expect(statusIndicator).toBeVisible({ timeout: 5000 });
          |                                   ^
      299 |
      300 |     console.log(`✓ Dashboard handles connection state gracefully`);
      301 |
        at /mnt/my_external_drive/programming/songnodes/frontend/tests/e2e/monitoring-dashboard-prometheus.desktop.spec.ts:298:35

    attachment #1: screenshot (image/png) ──────────────────────────────────────────────────────────
    ../screenshots/monitoring-dashboard-prome-1f880-onnection-errors-gracefully-chromium-desktop-retry1/test-failed-1.png
    ────────────────────────────────────────────────────────────────────────────────────────────────

    attachment #2: video (video/webm) ──────────────────────────────────────────────────────────────
    ../screenshots/monitoring-dashboard-prome-1f880-onnection-errors-gracefully-chromium-desktop-retry1/video.webm
    ────────────────────────────────────────────────────────────────────────────────────────────────

    Error Context: ../screenshots/monitoring-dashboard-prome-1f880-onnection-errors-gracefully-chromium-desktop-retry1/error-context.md

    attachment #4: trace (application/zip) ─────────────────────────────────────────────────────────
    ../screenshots/monitoring-dashboard-prome-1f880-onnection-errors-gracefully-chromium-desktop-retry1/trace.zip
    Usage:

        npx playwright show-trace ../screenshots/monitoring-dashboard-prome-1f880-onnection-errors-gracefully-chromium-desktop-retry1/trace.zip

    ────────────────────────────────────────────────────────────────────────────────────────────────
]]>
</failure>
<system-out>
<![CDATA[🧪 Test 10: Verify error handling for Prometheus connection

[[ATTACHMENT|../screenshots/monitoring-dashboard-prome-1f880-onnection-errors-gracefully-chromium-desktop/test-failed-1.png]]

[[ATTACHMENT|../screenshots/monitoring-dashboard-prome-1f880-onnection-errors-gracefully-chromium-desktop/video.webm]]

[[ATTACHMENT|../screenshots/monitoring-dashboard-prome-1f880-onnection-errors-gracefully-chromium-desktop/error-context.md]]

[[ATTACHMENT|../screenshots/monitoring-dashboard-prome-1f880-onnection-errors-gracefully-chromium-desktop/trace.zip]]
🧪 Test 10: Verify error handling for Prometheus connection

[[ATTACHMENT|../screenshots/monitoring-dashboard-prome-1f880-onnection-errors-gracefully-chromium-desktop-retry1/test-failed-1.png]]

[[ATTACHMENT|../screenshots/monitoring-dashboard-prome-1f880-onnection-errors-gracefully-chromium-desktop-retry1/video.webm]]

[[ATTACHMENT|../screenshots/monitoring-dashboard-prome-1f880-onnection-errors-gracefully-chromium-desktop-retry1/error-context.md]]

[[ATTACHMENT|../screenshots/monitoring-dashboard-prome-1f880-onnection-errors-gracefully-chromium-desktop-retry1/trace.zip]]
]]>
</system-out>
</testcase>
<testcase name="Monitoring Dashboard - Prometheus Integration › should verify all sections render without console errors" classname="monitoring-dashboard-prometheus.desktop.spec.ts" time="15.193">
<failure message="monitoring-dashboard-prometheus.desktop.spec.ts:311:3 should verify all sections render without console errors" type="FAILURE">
<![CDATA[  [chromium-desktop] › monitoring-dashboard-prometheus.desktop.spec.ts:311:3 › Monitoring Dashboard - Prometheus Integration › should verify all sections render without console errors 

    Error: expect(received).toBe(expected) // Object.is equality

    Expected: 0
    Received: 12

      364 |
      365 |     // Verify no React errors
    > 366 |     expect(reactErrors.length).toBe(0);
          |                                ^
      367 |     if (reactErrors.length > 0) {
      368 |       console.error('React errors found:', reactErrors);
      369 |     }
        at /mnt/my_external_drive/programming/songnodes/frontend/tests/e2e/monitoring-dashboard-prometheus.desktop.spec.ts:366:32

    attachment #1: screenshot (image/png) ──────────────────────────────────────────────────────────
    ../screenshots/monitoring-dashboard-prome-0fe28-nder-without-console-errors-chromium-desktop/test-failed-1.png
    ────────────────────────────────────────────────────────────────────────────────────────────────

    attachment #2: video (video/webm) ──────────────────────────────────────────────────────────────
    ../screenshots/monitoring-dashboard-prome-0fe28-nder-without-console-errors-chromium-desktop/video.webm
    ────────────────────────────────────────────────────────────────────────────────────────────────

    Error Context: ../screenshots/monitoring-dashboard-prome-0fe28-nder-without-console-errors-chromium-desktop/error-context.md

    attachment #4: trace (application/zip) ─────────────────────────────────────────────────────────
    ../screenshots/monitoring-dashboard-prome-0fe28-nder-without-console-errors-chromium-desktop/trace.zip
    Usage:

        npx playwright show-trace ../screenshots/monitoring-dashboard-prome-0fe28-nder-without-console-errors-chromium-desktop/trace.zip

    ────────────────────────────────────────────────────────────────────────────────────────────────

    Retry #1 ───────────────────────────────────────────────────────────────────────────────────────

    Error: expect(received).toBe(expected) // Object.is equality

    Expected: 0
    Received: 12

      364 |
      365 |     // Verify no React errors
    > 366 |     expect(reactErrors.length).toBe(0);
          |                                ^
      367 |     if (reactErrors.length > 0) {
      368 |       console.error('React errors found:', reactErrors);
      369 |     }
        at /mnt/my_external_drive/programming/songnodes/frontend/tests/e2e/monitoring-dashboard-prometheus.desktop.spec.ts:366:32

    attachment #1: screenshot (image/png) ──────────────────────────────────────────────────────────
    ../screenshots/monitoring-dashboard-prome-0fe28-nder-without-console-errors-chromium-desktop-retry1/test-failed-1.png
    ────────────────────────────────────────────────────────────────────────────────────────────────

    attachment #2: video (video/webm) ──────────────────────────────────────────────────────────────
    ../screenshots/monitoring-dashboard-prome-0fe28-nder-without-console-errors-chromium-desktop-retry1/video.webm
    ────────────────────────────────────────────────────────────────────────────────────────────────

    Error Context: ../screenshots/monitoring-dashboard-prome-0fe28-nder-without-console-errors-chromium-desktop-retry1/error-context.md

    attachment #4: trace (application/zip) ─────────────────────────────────────────────────────────
    ../screenshots/monitoring-dashboard-prome-0fe28-nder-without-console-errors-chromium-desktop-retry1/trace.zip
    Usage:

        npx playwright show-trace ../screenshots/monitoring-dashboard-prome-0fe28-nder-without-console-errors-chromium-desktop-retry1/trace.zip

    ────────────────────────────────────────────────────────────────────────────────────────────────
]]>
</failure>
<system-out>
<![CDATA[🧪 Test 11: Full integration test - verify all sections render
✓ Section rendered: Recently Scraped Data
✓ Section rendered: TOTAL RUNS
✓ Section rendered: SUCCESS RATE
✓ Section rendered: SONGS (24H)
✓ Section rendered: ACTIVE NOW
✓ Section rendered: AVG TIME
✓ Section rendered: QUALITY
✓ Section rendered: 🔍 Scraper Services Health
✓ Section rendered: 📈 Data Pipeline Progress
✓ Section rendered: Recent Scraping Runs
✓ Section rendered: 🚀 Manual Triggers
📸 Screenshot saved: 06-full-dashboard.png
📸 Screenshot saved: 07-manual-triggers.png

[[ATTACHMENT|../screenshots/monitoring-dashboard-prome-0fe28-nder-without-console-errors-chromium-desktop/test-failed-1.png]]

[[ATTACHMENT|../screenshots/monitoring-dashboard-prome-0fe28-nder-without-console-errors-chromium-desktop/video.webm]]

[[ATTACHMENT|../screenshots/monitoring-dashboard-prome-0fe28-nder-without-console-errors-chromium-desktop/error-context.md]]

[[ATTACHMENT|../screenshots/monitoring-dashboard-prome-0fe28-nder-without-console-errors-chromium-desktop/trace.zip]]
🧪 Test 11: Full integration test - verify all sections render
✓ Section rendered: Recently Scraped Data
✓ Section rendered: TOTAL RUNS
✓ Section rendered: SUCCESS RATE
✓ Section rendered: SONGS (24H)
✓ Section rendered: ACTIVE NOW
✓ Section rendered: AVG TIME
✓ Section rendered: QUALITY
✓ Section rendered: 🔍 Scraper Services Health
✓ Section rendered: 📈 Data Pipeline Progress
✓ Section rendered: Recent Scraping Runs
✓ Section rendered: 🚀 Manual Triggers
📸 Screenshot saved: 06-full-dashboard.png
📸 Screenshot saved: 07-manual-triggers.png

[[ATTACHMENT|../screenshots/monitoring-dashboard-prome-0fe28-nder-without-console-errors-chromium-desktop-retry1/test-failed-1.png]]

[[ATTACHMENT|../screenshots/monitoring-dashboard-prome-0fe28-nder-without-console-errors-chromium-desktop-retry1/video.webm]]

[[ATTACHMENT|../screenshots/monitoring-dashboard-prome-0fe28-nder-without-console-errors-chromium-desktop-retry1/error-context.md]]

[[ATTACHMENT|../screenshots/monitoring-dashboard-prome-0fe28-nder-without-console-errors-chromium-desktop-retry1/trace.zip]]
]]>
</system-out>
</testcase>
<testcase name="Monitoring Dashboard - Auto-Refresh › should indicate when metrics are being refreshed" classname="monitoring-dashboard-prometheus.desktop.spec.ts" time="21.753">
<system-out>
<![CDATA[🧪 Test 12: Verify auto-refresh indicator
✓ Initial status: ⚠️ Prometheus connection error: Failed to fetch
⏳ Waiting for auto-refresh (15 seconds)...
✓ Status after 15s: ⚠️ Prometheus connection error: Failed to fetch
✓ Auto-refresh mechanism is working

[[ATTACHMENT|../screenshots/monitoring-dashboard-prome-54746-metrics-are-being-refreshed-chromium-desktop/test-finished-1.png]]
]]>
</system-out>
</testcase>
</testsuite>
</testsuites>